2026-01-28T05:06:09.334Z: Request received for create-order
2026-01-28T05:06:09.335Z: User ID: 697998af837b1b0ef58b6c47, Plan: pro
2026-01-28T05:06:09.335Z: Razorpay instance is present
2026-01-28T05:06:09.335Z: Plan details found: {"name":"Pro","amount":79900,"features":["Unlimited projects","Priority support","Advanced AI tools"]}
2026-01-28T05:06:09.335Z: Creating Razorpay order with options: {"amount":79900,"currency":"INR","receipt":"order_1769576769335_697998af837b1b0ef58b6c47","notes":{"userId":"697998af837b1b0ef58b6c47","plan":"pro"}}
2026-01-28T05:06:09.675Z: ERROR in create-order: undefined
2026-01-28T05:06:09.675Z: Stack: undefined
2026-01-28T05:06:52.930Z: Request received for create-order
2026-01-28T05:06:52.931Z: User ID: 69799965bf067d08fc591346, Plan: pro
2026-01-28T05:06:52.931Z: Razorpay instance is present
2026-01-28T05:06:52.931Z: Plan details found: {"name":"Pro","amount":79900,"features":["Unlimited projects","Priority support","Advanced AI tools"]}
2026-01-28T05:06:52.932Z: Creating Razorpay order with options: {"amount":79900,"currency":"INR","receipt":"order_1769576812932_69799965bf067d08fc591346","notes":{"userId":"69799965bf067d08fc591346","plan":"pro"}}
2026-01-28T05:06:53.270Z: ERROR in create-order: undefined
2026-01-28T05:06:53.270Z: Stack: undefined
2026-01-28T05:08:21.630Z: Request received for create-order
2026-01-28T05:08:21.631Z: User ID: 69799965bf067d08fc591346, Plan: pro
2026-01-28T05:08:21.631Z: Razorpay instance is present
2026-01-28T05:08:21.631Z: Plan details found: {"name":"Pro","amount":79900,"features":["Unlimited projects","Priority support","Advanced AI tools"]}
2026-01-28T05:08:21.631Z: Creating Razorpay order with options: {"amount":79900,"currency":"INR","receipt":"ord_1769576901631_08fc591346","notes":{"userId":"69799965bf067d08fc591346","plan":"pro"}}
2026-01-28T05:08:21.867Z: Razorpay order created: {"amount":79900,"amount_due":79900,"amount_paid":0,"attempts":0,"created_at":1769576901,"currency":"INR","entity":"order","id":"order_S9B4vU1heivsGZ","notes":{"plan":"pro","userId":"69799965bf067d08fc591346"},"offer_id":null,"receipt":"ord_1769576901631_08fc591346","status":"created"}
2026-01-28T05:08:21.887Z: Payment record saved to DB
2026-01-28T05:09:55.089Z: Request received for create-order
2026-01-28T05:09:55.090Z: User ID: 69799965bf067d08fc591346, Plan: team
2026-01-28T05:09:55.090Z: Razorpay instance is present
2026-01-28T05:09:55.095Z: Plan details found: {"name":"Team","amount":199900,"features":["Everything in Pro","Team collaboration","Custom integrations"]}
2026-01-28T05:09:55.095Z: Creating Razorpay order with options: {"amount":199900,"currency":"INR","receipt":"ord_1769576995095_08fc591346","notes":{"userId":"69799965bf067d08fc591346","plan":"team"}}
2026-01-28T05:09:55.375Z: Razorpay order created: {"amount":199900,"amount_due":199900,"amount_paid":0,"attempts":0,"created_at":1769576995,"currency":"INR","entity":"order","id":"order_S9B6ZY5gnKdbHK","notes":{"plan":"team","userId":"69799965bf067d08fc591346"},"offer_id":null,"receipt":"ord_1769576995095_08fc591346","status":"created"}
2026-01-28T05:09:55.392Z: Payment record saved to DB
2026-01-28T05:10:14.269Z: Request received for create-order
2026-01-28T05:10:14.270Z: User ID: 69799965bf067d08fc591346, Plan: pro
2026-01-28T05:10:14.270Z: Razorpay instance is present
2026-01-28T05:10:14.270Z: Plan details found: {"name":"Pro","amount":79900,"features":["Unlimited projects","Priority support","Advanced AI tools"]}
2026-01-28T05:10:14.270Z: Creating Razorpay order with options: {"amount":79900,"currency":"INR","receipt":"ord_1769577014270_08fc591346","notes":{"userId":"69799965bf067d08fc591346","plan":"pro"}}
2026-01-28T05:10:14.537Z: Razorpay order created: {"amount":79900,"amount_due":79900,"amount_paid":0,"attempts":0,"created_at":1769577014,"currency":"INR","entity":"order","id":"order_S9B6uSHLkEAP9e","notes":{"plan":"pro","userId":"69799965bf067d08fc591346"},"offer_id":null,"receipt":"ord_1769577014270_08fc591346","status":"created"}
2026-01-28T05:10:14.549Z: Payment record saved to DB
2026-01-28T05:10:20.965Z: Request received for create-order
2026-01-28T05:10:20.966Z: User ID: 69799965bf067d08fc591346, Plan: team
2026-01-28T05:10:20.966Z: Razorpay instance is present
2026-01-28T05:10:20.967Z: Plan details found: {"name":"Team","amount":199900,"features":["Everything in Pro","Team collaboration","Custom integrations"]}
2026-01-28T05:10:20.967Z: Creating Razorpay order with options: {"amount":199900,"currency":"INR","receipt":"ord_1769577020967_08fc591346","notes":{"userId":"69799965bf067d08fc591346","plan":"team"}}
2026-01-28T05:10:21.266Z: Razorpay order created: {"amount":199900,"amount_due":199900,"amount_paid":0,"attempts":0,"created_at":1769577021,"currency":"INR","entity":"order","id":"order_S9B71oAqEAcvl4","notes":{"plan":"team","userId":"69799965bf067d08fc591346"},"offer_id":null,"receipt":"ord_1769577020967_08fc591346","status":"created"}
2026-01-28T05:10:21.269Z: Payment record saved to DB
2026-01-28T05:16:26.154Z: Request received for create-order
2026-01-28T05:16:26.156Z: User ID: 69799b235d3105e55672026f, Plan: pro
2026-01-28T05:16:26.156Z: Razorpay instance is present
2026-01-28T05:16:26.156Z: Plan details found: {"name":"Pro","amount":79900,"features":["Unlimited projects","Priority support","Advanced AI tools"]}
2026-01-28T05:16:26.156Z: Creating Razorpay order with options: {"amount":79900,"currency":"INR","receipt":"ord_1769577386156_e55672026f","notes":{"userId":"69799b235d3105e55672026f","plan":"pro"}}
2026-01-28T05:16:26.405Z: Razorpay order created: {"amount":79900,"amount_due":79900,"amount_paid":0,"attempts":0,"created_at":1769577386,"currency":"INR","entity":"order","id":"order_S9BDSNwR4FuCx9","notes":{"plan":"pro","userId":"69799b235d3105e55672026f"},"offer_id":null,"receipt":"ord_1769577386156_e55672026f","status":"created"}
2026-01-28T05:16:26.416Z: Payment record saved to DB
2026-01-28T05:16:46.438Z: Request received for create-order
2026-01-28T05:16:46.439Z: User ID: 69799b235d3105e55672026f, Plan: pro
2026-01-28T05:16:46.439Z: Razorpay instance is present
2026-01-28T05:16:46.439Z: Plan details found: {"name":"Pro","amount":79900,"features":["Unlimited projects","Priority support","Advanced AI tools"]}
2026-01-28T05:16:46.439Z: Creating Razorpay order with options: {"amount":79900,"currency":"INR","receipt":"ord_1769577406439_e55672026f","notes":{"userId":"69799b235d3105e55672026f","plan":"pro"}}
2026-01-28T05:16:46.660Z: Razorpay order created: {"amount":79900,"amount_due":79900,"amount_paid":0,"attempts":0,"created_at":1769577406,"currency":"INR","entity":"order","id":"order_S9BDoVIyYKoJYB","notes":{"plan":"pro","userId":"69799b235d3105e55672026f"},"offer_id":null,"receipt":"ord_1769577406439_e55672026f","status":"created"}
2026-01-28T05:16:46.672Z: Payment record saved to DB
2026-01-28T05:21:57.754Z: Request received for create-order
2026-01-28T05:21:57.756Z: User ID: 6978c5a0e795513d035c55d2, Plan: pro
2026-01-28T05:21:57.756Z: Razorpay instance is present
2026-01-28T05:21:57.756Z: Plan details found: {"name":"Pro","amount":79900,"features":["Unlimited projects","Priority support","Advanced AI tools"]}
2026-01-28T05:21:57.756Z: Creating Razorpay order with options: {"amount":79900,"currency":"INR","receipt":"ord_1769577717756_3d035c55d2","notes":{"userId":"6978c5a0e795513d035c55d2","plan":"pro"}}
2026-01-28T05:21:57.995Z: Razorpay order created: {"amount":79900,"amount_due":79900,"amount_paid":0,"attempts":0,"created_at":1769577717,"currency":"INR","entity":"order","id":"order_S9BJIKAd5zFMbl","notes":{"plan":"pro","userId":"6978c5a0e795513d035c55d2"},"offer_id":null,"receipt":"ord_1769577717756_3d035c55d2","status":"created"}
2026-01-28T05:21:58.208Z: Payment record saved to DB
2026-01-28T05:32:11.409Z: Request received for create-order
2026-01-28T05:32:11.411Z: User ID: 69799d0e5d3105e5567202b1, Plan: pro
2026-01-28T05:32:11.411Z: Razorpay instance is present
2026-01-28T05:32:11.412Z: Plan details found: {"name":"Pro","amount":79900,"features":["Unlimited projects","Priority support","Advanced AI tools"]}
2026-01-28T05:32:11.412Z: Creating Razorpay order with options: {"amount":79900,"currency":"INR","receipt":"ord_1769578331412_e5567202b1","notes":{"userId":"69799d0e5d3105e5567202b1","plan":"pro"}}
2026-01-28T05:32:11.693Z: Razorpay order created: {"amount":79900,"amount_due":79900,"amount_paid":0,"attempts":0,"created_at":1769578331,"currency":"INR","entity":"order","id":"order_S9BU6DBZ6jjxPG","notes":{"plan":"pro","userId":"69799d0e5d3105e5567202b1"},"offer_id":null,"receipt":"ord_1769578331412_e5567202b1","status":"created"}
2026-01-28T05:32:11.908Z: Payment record saved to DB
2026-01-28T06:25:56.163Z: Request received for create-order
2026-01-28T06:25:56.164Z: User ID: 69799d0e5d3105e5567202b1, Plan: pro
2026-01-28T06:25:56.164Z: Razorpay instance is present
2026-01-28T06:25:56.164Z: Plan details found: {"name":"Pro","amount":79900,"features":["Unlimited projects","Priority support","Advanced AI tools"]}
2026-01-28T06:25:56.164Z: Creating Razorpay order with options: {"amount":79900,"currency":"INR","receipt":"ord_1769581556164_e5567202b1","notes":{"userId":"69799d0e5d3105e5567202b1","plan":"pro"}}
2026-01-28T06:25:56.465Z: Razorpay order created: {"amount":79900,"amount_due":79900,"amount_paid":0,"attempts":0,"created_at":1769581556,"currency":"INR","entity":"order","id":"order_S9COsHroGKkY6o","notes":{"plan":"pro","userId":"69799d0e5d3105e5567202b1"},"offer_id":null,"receipt":"ord_1769581556164_e5567202b1","status":"created"}
2026-01-28T06:25:56.493Z: Payment record saved to DB
2026-01-28T06:36:29.325Z: Request received for create-order
2026-01-28T06:36:29.327Z: User ID: 6979ac01dcdb215759e3bf90, Plan: pro
2026-01-28T06:36:29.327Z: Razorpay instance is present
2026-01-28T06:36:29.327Z: Plan details found: {"name":"Pro","amount":29900,"features":["Unlimited projects","Priority support","Advanced AI tools"]}
2026-01-28T06:36:29.327Z: Creating Razorpay order with options: {"amount":29900,"currency":"INR","receipt":"ord_1769582189327_5759e3bf90","notes":{"userId":"6979ac01dcdb215759e3bf90","plan":"pro"}}
2026-01-28T06:36:29.605Z: Razorpay order created: {"amount":29900,"amount_due":29900,"amount_paid":0,"attempts":0,"created_at":1769582189,"currency":"INR","entity":"order","id":"order_S9Ca1N575KqKYs","notes":{"plan":"pro","userId":"6979ac01dcdb215759e3bf90"},"offer_id":null,"receipt":"ord_1769582189327_5759e3bf90","status":"created"}
2026-01-28T06:36:29.642Z: Payment record saved to DB
2026-02-02T21:16:47.302Z: Request received for create-order
2026-02-02T21:16:47.304Z: User ID: 6981142b5d576b3e7e3e308b, Plan: pro
2026-02-02T21:16:47.305Z: Razorpay instance is present
2026-02-02T21:16:47.305Z: Plan details found: {"name":"Pro","amount":1100,"features":["Unlimited projects","Priority support","Advanced AI tools"]}
2026-02-02T21:16:47.305Z: Creating Razorpay order with options: {"amount":1100,"currency":"INR","receipt":"ord_1770067007305_3e7e3e308b","notes":{"userId":"6981142b5d576b3e7e3e308b","plan":"pro"}}
2026-02-02T21:16:47.627Z: Razorpay order created: {"amount":1100,"amount_due":1100,"amount_paid":0,"attempts":0,"created_at":1770067007,"currency":"INR","entity":"order","id":"order_SBQFVwbZRHFqnK","notes":{"plan":"pro","userId":"6981142b5d576b3e7e3e308b"},"offer_id":null,"receipt":"ord_1770067007305_3e7e3e308b","status":"created"}
2026-02-02T21:16:47.840Z: Payment record saved to DB
2026-02-02T22:22:35.480Z: Request received for create-order
2026-02-02T22:22:35.481Z: User ID: 69811c3b731ca5b40015d12c, Plan: pro
2026-02-02T22:22:35.481Z: Razorpay instance is present
2026-02-02T22:22:35.481Z: Plan details found: {"name":"Pro","amount":1100,"features":["Unlimited projects","Priority support","Advanced AI tools"]}
2026-02-02T22:22:35.481Z: Creating Razorpay order with options: {"amount":1100,"currency":"INR","receipt":"ord_1770070955481_b40015d12c","notes":{"userId":"69811c3b731ca5b40015d12c","plan":"pro"}}
2026-02-02T22:22:35.754Z: Razorpay order created: {"amount":1100,"amount_due":1100,"amount_paid":0,"attempts":0,"created_at":1770070955,"currency":"INR","entity":"order","id":"order_SBRN1SuyLmVUGu","notes":{"plan":"pro","userId":"69811c3b731ca5b40015d12c"},"offer_id":null,"receipt":"ord_1770070955481_b40015d12c","status":"created"}
2026-02-02T22:22:35.781Z: Payment record saved to DB
2026-02-03T03:39:17.197Z: Request received for create-order
2026-02-03T03:39:17.199Z: User ID: 69816ddbbaa8977bcc60790b, Plan: pro
2026-02-03T03:39:17.199Z: Razorpay instance is present
2026-02-03T03:39:17.199Z: Plan details found: {"name":"Pro","amount":1100,"features":["Unlimited projects","Priority support","Advanced AI tools"]}
2026-02-03T03:39:17.200Z: Creating Razorpay order with options: {"amount":1100,"currency":"INR","receipt":"ord_1770089957199_7bcc60790b","notes":{"userId":"69816ddbbaa8977bcc60790b","plan":"pro"}}
2026-02-03T03:39:17.413Z: Razorpay order created: {"amount":1100,"amount_due":1100,"amount_paid":0,"attempts":0,"created_at":1770089957,"currency":"INR","entity":"order","id":"order_SBWlYfsGzuazD1","notes":{"plan":"pro","userId":"69816ddbbaa8977bcc60790b"},"offer_id":null,"receipt":"ord_1770089957199_7bcc60790b","status":"created"}
2026-02-03T03:39:17.425Z: Payment record saved to DB
2026-02-18T09:56:18.998Z: Request received for create-order
2026-02-18T09:56:19.001Z: User ID: 697f44bd542481abab0c68d2, Plan: team
2026-02-18T09:56:19.001Z: Razorpay instance is present
2026-02-18T09:56:19.002Z: Plan details found: {"name":"Team","amount":89900,"features":["Everything in Pro","Team collaboration","Custom integrations"]}
2026-02-18T09:56:19.005Z: Creating Razorpay order with options: {"amount":89900,"currency":"INR","receipt":"ord_1771408579002_abab0c68d2","notes":{"userId":"697f44bd542481abab0c68d2","plan":"team"}}
2026-02-18T09:56:19.557Z: Razorpay order created: {"amount":89900,"amount_due":89900,"amount_paid":0,"attempts":0,"created_at":1771408579,"currency":"INR","entity":"order","id":"order_SHZCdiC2n5p8iQ","notes":{"plan":"team","userId":"697f44bd542481abab0c68d2"},"offer_id":null,"receipt":"ord_1771408579002_abab0c68d2","status":"created"}
2026-02-18T09:56:19.618Z: Payment record saved to DB
